TN:
SF:src/lib/trade-api/fyers-trade-api/FyersTradeApi.ts
FN:10,(anonymous_8)
FN:16,(anonymous_9)
FN:27,(anonymous_11)
FN:40,(anonymous_13)
FN:52,(anonymous_15)
FN:65,(anonymous_17)
FN:77,(anonymous_19)
FN:89,(anonymous_21)
FN:101,(anonymous_23)
FNF:9
FNH:8
FNDA:13,(anonymous_8)
FNDA:13,(anonymous_9)
FNDA:3,(anonymous_11)
FNDA:2,(anonymous_13)
FNDA:2,(anonymous_15)
FNDA:2,(anonymous_17)
FNDA:2,(anonymous_19)
FNDA:2,(anonymous_21)
FNDA:0,(anonymous_23)
DA:1,1
DA:5,1
DA:11,13
DA:12,13
DA:13,13
DA:18,13
DA:23,13
DA:24,12
DA:28,3
DA:33,2
DA:34,1
DA:36,1
DA:41,2
DA:45,2
DA:46,1
DA:48,1
DA:53,2
DA:57,2
DA:58,1
DA:60,1
DA:67,2
DA:71,2
DA:72,1
DA:74,1
DA:79,2
DA:83,2
DA:84,1
DA:86,1
DA:91,2
DA:95,2
DA:96,1
DA:98,1
DA:103,0
DA:104,0
DA:106,0
DA:107,0
DA:109,0
LF:37
LH:32
BRDA:21,0,0,13
BRDA:21,0,1,13
BRDA:33,1,0,1
BRDA:33,1,1,1
BRDA:45,2,0,1
BRDA:45,2,1,1
BRDA:57,3,0,1
BRDA:57,3,1,1
BRDA:71,4,0,1
BRDA:71,4,1,1
BRDA:71,5,0,2
BRDA:71,5,1,1
BRDA:83,6,0,1
BRDA:83,6,1,1
BRDA:95,7,0,1
BRDA:95,7,1,1
BRDA:104,8,0,0
BRDA:104,8,1,0
BRDA:104,9,0,0
BRDA:104,9,1,0
BRDA:104,9,2,0
BRDA:106,10,0,0
BRDA:106,10,1,0
BRDA:106,11,0,0
BRDA:106,11,1,0
BRF:25
BRH:16
end_of_record
TN:
SF:src/lib/trade-api/fyers-trade-api/FyersWebSocketClient.ts
FN:15,(anonymous_1)
FN:21,(anonymous_2)
FN:30,(anonymous_3)
FN:35,(anonymous_4)
FN:46,(anonymous_5)
FN:51,(anonymous_6)
FN:61,(anonymous_7)
FN:65,(anonymous_8)
FN:78,(anonymous_9)
FN:82,(anonymous_10)
FNF:10
FNH:9
FNDA:8,(anonymous_1)
FNDA:8,(anonymous_2)
FNDA:1,(anonymous_3)
FNDA:1,(anonymous_4)
FNDA:1,(anonymous_5)
FNDA:1,(anonymous_6)
FNDA:3,(anonymous_7)
FNDA:3,(anonymous_8)
FNDA:1,(anonymous_9)
FNDA:0,(anonymous_10)
DA:1,1
DA:10,8
DA:16,8
DA:17,8
DA:18,8
DA:22,8
DA:24,8
DA:25,8
DA:26,8
DA:27,8
DA:31,1
DA:32,1
DA:36,1
DA:37,1
DA:41,1
DA:42,1
DA:47,1
DA:48,1
DA:52,1
DA:53,1
DA:57,1
DA:62,3
DA:66,3
DA:67,3
DA:68,2
DA:69,2
DA:71,2
DA:73,1
DA:79,1
DA:83,0
DA:87,1
LF:31
LH:30
BRDA:17,0,0,8
BRDA:17,0,1,0
BRDA:36,1,0,1
BRDA:36,2,0,1
BRDA:36,2,1,1
BRDA:52,3,0,1
BRDA:52,4,0,1
BRDA:52,4,1,1
BRDA:68,5,0,2
BRF:9
BRH:8
end_of_record
